[debug] [2020-12-14T04:21:29.715Z] ----------------------------------------------------------------------
[debug] [2020-12-14T04:21:29.717Z] Command:       /Users/bb/.nvm/versions/node/v10.13.0/bin/node /Users/bb/.nvm/versions/node/v10.13.0/bin/firebase init
[debug] [2020-12-14T04:21:29.718Z] CLI Version:   8.19.0
[debug] [2020-12-14T04:21:29.718Z] Platform:      darwin
[debug] [2020-12-14T04:21:29.718Z] Node Version:  v10.13.0
[debug] [2020-12-14T04:21:29.719Z] Time:          Sun Dec 13 2020 20:21:29 GMT-0800 (Pacific Standard Time)
[debug] [2020-12-14T04:21:29.719Z] ----------------------------------------------------------------------
[debug] [2020-12-14T04:21:29.719Z] 
[debug] [2020-12-14T04:21:29.725Z] > command requires scopes: ["email","openid","https://www.googleapis.com/auth/cloudplatformprojects.readonly","https://www.googleapis.com/auth/firebase","https://www.googleapis.com/auth/cloud-platform"]
[debug] [2020-12-14T04:21:29.725Z] > authorizing via signed-in user
[info] 
     ######## #### ########  ######## ########     ###     ######  ########
     ##        ##  ##     ## ##       ##     ##  ##   ##  ##       ##
     ######    ##  ########  ######   ########  #########  ######  ######
     ##        ##  ##    ##  ##       ##     ## ##     ##       ## ##
     ##       #### ##     ## ######## ########  ##     ##  ######  ########

You're about to initialize a Firebase project in this directory:

  /Users/bb/Desktop/firegram

[info] 
=== Project Setup
[info] 
[info] First, let's associate this project directory with a Firebase project.
[info] You can create multiple project aliases by running firebase use --add, 
[info] but for now we'll just set up a default project.
[info] 
[debug] [2020-12-14T04:21:35.149Z] >>> HTTP REQUEST GET https://firebase.googleapis.com/v1beta1/projects?pageSize=100  
 
[debug] [2020-12-14T04:21:35.858Z] <<< HTTP RESPONSE 200 {"content-type":"application/json; charset=UTF-8","vary":"X-Origin, Referer, Origin,Accept-Encoding","date":"Mon, 14 Dec 2020 04:21:35 GMT","server":"ESF","cache-control":"private","x-xss-protection":"0","x-frame-options":"SAMEORIGIN","x-content-type-options":"nosniff","alt-svc":"h3-29=\":443\"; ma=2592000,h3-T051=\":443\"; ma=2592000,h3-Q050=\":443\"; ma=2592000,h3-Q046=\":443\"; ma=2592000,h3-Q043=\":443\"; ma=2592000,quic=\":443\"; ma=2592000; v=\"46,43\"","accept-ranges":"none","transfer-encoding":"chunked"}
[info] i  Using project firegram-da96f (firegram) 
[info] 
=== Database Setup
[info] i  database: ensuring required API firebasedatabase.googleapis.com is enabled... 
[debug] [2020-12-14T04:21:37.247Z] >>> HTTP REQUEST GET https://serviceusage.googleapis.com/v1/projects/firegram-da96f/services/firebasedatabase.googleapis.com  
 
[debug] [2020-12-14T04:21:37.985Z] <<< HTTP RESPONSE 200 {"content-type":"application/json; charset=UTF-8","vary":"X-Origin, Referer, Origin,Accept-Encoding","date":"Mon, 14 Dec 2020 04:21:37 GMT","server":"ESF","cache-control":"private","x-xss-protection":"0","x-frame-options":"SAMEORIGIN","x-content-type-options":"nosniff","alt-svc":"h3-29=\":443\"; ma=2592000,h3-T051=\":443\"; ma=2592000,h3-Q050=\":443\"; ma=2592000,h3-Q046=\":443\"; ma=2592000,h3-Q043=\":443\"; ma=2592000,quic=\":443\"; ma=2592000; v=\"46,43\"","accept-ranges":"none","transfer-encoding":"chunked"}
[info] ✔  database: required API firebasedatabase.googleapis.com is enabled 
[info] 
[debug] [2020-12-14T04:21:37.987Z] >>> HTTP REQUEST GET https://firebasedatabase.googleapis.com/v1beta/projects/firegram-da96f/locations/-/instances/firegram-da96f-default-rtdb  
 
[debug] [2020-12-14T04:21:38.527Z] <<< HTTP RESPONSE 200 {"content-type":"application/json; charset=UTF-8","vary":"X-Origin, Referer, Origin,Accept-Encoding","date":"Mon, 14 Dec 2020 04:21:38 GMT","server":"ESF","cache-control":"private","x-xss-protection":"0","x-frame-options":"SAMEORIGIN","x-content-type-options":"nosniff","alt-svc":"h3-29=\":443\"; ma=2592000,h3-T051=\":443\"; ma=2592000,h3-Q050=\":443\"; ma=2592000,h3-Q046=\":443\"; ma=2592000,h3-Q043=\":443\"; ma=2592000,quic=\":443\"; ma=2592000; v=\"46,43\"","accept-ranges":"none","transfer-encoding":"chunked"}
[info] 
[info] Firebase Realtime Database Security Rules allow you to define how your data should be
[info] structured and when your data can be read from and written to.
[info] 
[debug] [2020-12-14T04:21:39.899Z] >>> HTTP REQUEST GET https://firegram-da96f-default-rtdb.firebaseio.com/.settings/rules.json  
 
[debug] [2020-12-14T04:21:40.249Z] <<< HTTP RESPONSE 200 {"server":"nginx","date":"Mon, 14 Dec 2020 04:21:40 GMT","content-type":"application/json; charset=utf-8","content-length":"121","connection":"keep-alive","access-control-allow-origin":"*","cache-control":"no-cache","strict-transport-security":"max-age=31556926; includeSubDomains; preload"}
[info] ✔  Database Rules for firegram-da96f-default-rtdb have been written to database.rules.json. 
[info] Future modifications to database.rules.json will update Realtime Database Security Rules when you run
[info] firebase deploy.
[info] 
=== Firestore Setup
[debug] [2020-12-14T04:21:40.255Z] >>> HTTP REQUEST GET https://serviceusage.googleapis.com/v1/projects/firegram-da96f/services/firestore.googleapis.com  
 
[debug] [2020-12-14T04:21:40.708Z] <<< HTTP RESPONSE 200 {"content-type":"application/json; charset=UTF-8","vary":"X-Origin, Referer, Origin,Accept-Encoding","date":"Mon, 14 Dec 2020 04:21:40 GMT","server":"ESF","cache-control":"private","x-xss-protection":"0","x-frame-options":"SAMEORIGIN","x-content-type-options":"nosniff","alt-svc":"h3-29=\":443\"; ma=2592000,h3-T051=\":443\"; ma=2592000,h3-Q050=\":443\"; ma=2592000,h3-Q046=\":443\"; ma=2592000,h3-Q043=\":443\"; ma=2592000,quic=\":443\"; ma=2592000; v=\"46,43\"","accept-ranges":"none","transfer-encoding":"chunked"}
[debug] [2020-12-14T04:21:40.709Z] >>> HTTP REQUEST GET https://appengine.googleapis.com/v1/apps/firegram-da96f  
 
[debug] [2020-12-14T04:21:41.119Z] <<< HTTP RESPONSE 200 {"content-type":"application/json; charset=UTF-8","vary":"X-Origin, Referer, Origin,Accept-Encoding","date":"Mon, 14 Dec 2020 04:21:41 GMT","server":"ESF","cache-control":"private","x-xss-protection":"0","x-frame-options":"SAMEORIGIN","x-content-type-options":"nosniff","alt-svc":"h3-29=\":443\"; ma=2592000,h3-T051=\":443\"; ma=2592000,h3-Q050=\":443\"; ma=2592000,h3-Q046=\":443\"; ma=2592000,h3-Q043=\":443\"; ma=2592000,quic=\":443\"; ma=2592000; v=\"46,43\"","accept-ranges":"none","transfer-encoding":"chunked"}
[debug] [2020-12-14T04:21:41.119Z] database_type: CLOUD_FIRESTORE
[debug] [2020-12-14T04:21:41.120Z] > command requires scopes: ["email","openid","https://www.googleapis.com/auth/cloudplatformprojects.readonly","https://www.googleapis.com/auth/firebase","https://www.googleapis.com/auth/cloud-platform"]
[debug] [2020-12-14T04:21:41.120Z] > authorizing via signed-in user
[debug] [2020-12-14T04:21:41.120Z] [iam] checking project firegram-da96f for permissions ["firebase.projects.get"]
[debug] [2020-12-14T04:21:41.121Z] >>> HTTP REQUEST POST https://cloudresourcemanager.googleapis.com/v1/projects/firegram-da96f:testIamPermissions  
 {"permissions":["firebase.projects.get"]}
[debug] [2020-12-14T04:21:41.321Z] <<< HTTP RESPONSE 200 {"content-type":"application/json; charset=UTF-8","vary":"X-Origin, Referer, Origin,Accept-Encoding","date":"Mon, 14 Dec 2020 04:21:41 GMT","server":"ESF","cache-control":"private","x-xss-protection":"0","x-frame-options":"SAMEORIGIN","x-content-type-options":"nosniff","server-timing":"gfet4t7; dur=55","alt-svc":"h3-29=\":443\"; ma=2592000,h3-T051=\":443\"; ma=2592000,h3-Q050=\":443\"; ma=2592000,h3-Q046=\":443\"; ma=2592000,h3-Q043=\":443\"; ma=2592000,quic=\":443\"; ma=2592000; v=\"46,43\"","accept-ranges":"none","transfer-encoding":"chunked"}
[info] 
[info] Firestore Security Rules allow you to define how and when to allow
[info] requests. You can keep these rules in your project directory
[info] and publish them with firebase deploy.
[info] 
[debug] [2020-12-14T04:21:44.159Z] >>> HTTP REQUEST GET https://firebaserules.googleapis.com/v1/projects/firegram-da96f/releases?pageSize=10&pageToken=  
 
[debug] [2020-12-14T04:21:44.637Z] <<< HTTP RESPONSE 200 {"content-type":"application/json; charset=UTF-8","vary":"X-Origin, Referer, Origin,Accept-Encoding","date":"Mon, 14 Dec 2020 04:21:44 GMT","server":"ESF","cache-control":"private","x-xss-protection":"0","x-frame-options":"SAMEORIGIN","x-content-type-options":"nosniff","alt-svc":"h3-29=\":443\"; ma=2592000,h3-T051=\":443\"; ma=2592000,h3-Q050=\":443\"; ma=2592000,h3-Q046=\":443\"; ma=2592000,h3-Q043=\":443\"; ma=2592000,quic=\":443\"; ma=2592000; v=\"46,43\"","accept-ranges":"none","transfer-encoding":"chunked"}
[debug] [2020-12-14T04:21:44.638Z] Found ruleset: projects/firegram-da96f/rulesets/f4126f81-2dbc-4468-8d41-0ac2ea847fdb
[debug] [2020-12-14T04:21:44.638Z] >>> HTTP REQUEST GET https://firebaserules.googleapis.com/v1/projects/firegram-da96f/rulesets/f4126f81-2dbc-4468-8d41-0ac2ea847fdb  
 
[debug] [2020-12-14T04:21:45.160Z] <<< HTTP RESPONSE 200 {"content-type":"application/json; charset=UTF-8","vary":"X-Origin, Referer, Origin,Accept-Encoding","date":"Mon, 14 Dec 2020 04:21:45 GMT","server":"ESF","cache-control":"private","x-xss-protection":"0","x-frame-options":"SAMEORIGIN","x-content-type-options":"nosniff","alt-svc":"h3-29=\":443\"; ma=2592000,h3-T051=\":443\"; ma=2592000,h3-Q050=\":443\"; ma=2592000,h3-Q046=\":443\"; ma=2592000,h3-Q043=\":443\"; ma=2592000,quic=\":443\"; ma=2592000; v=\"46,43\"","accept-ranges":"none","transfer-encoding":"chunked"}
[info] 
[info] Firestore indexes allow you to perform complex queries while
[info] maintaining performance that scales with the size of the result
[info] set. You can keep index definitions in your project directory
[info] and publish them with firebase deploy.
[info] 
[debug] [2020-12-14T04:21:47.368Z] >>> HTTP REQUEST GET https://firestore.googleapis.com/v1/projects/firegram-da96f/databases/(default)/collectionGroups/-/indexes  
 
[debug] [2020-12-14T04:21:47.369Z] >>> HTTP REQUEST GET https://firestore.googleapis.com/v1/projects/firegram-da96f/databases/(default)/collectionGroups/-/fields?filter=indexConfig.usesAncestorConfig=false  
 
[debug] [2020-12-14T04:21:47.634Z] <<< HTTP RESPONSE 200 {"content-type":"application/json; charset=UTF-8","vary":"X-Origin, Referer, Origin,Accept-Encoding","date":"Mon, 14 Dec 2020 04:21:47 GMT","server":"ESF","cache-control":"private","x-xss-protection":"0","x-frame-options":"SAMEORIGIN","x-content-type-options":"nosniff","alt-svc":"h3-29=\":443\"; ma=2592000,h3-T051=\":443\"; ma=2592000,h3-Q050=\":443\"; ma=2592000,h3-Q046=\":443\"; ma=2592000,h3-Q043=\":443\"; ma=2592000,quic=\":443\"; ma=2592000; v=\"46,43\"","accept-ranges":"none","transfer-encoding":"chunked"}
[debug] [2020-12-14T04:21:47.645Z] <<< HTTP RESPONSE 200 {"content-type":"application/json; charset=UTF-8","vary":"X-Origin, Referer, Origin,Accept-Encoding","date":"Mon, 14 Dec 2020 04:21:47 GMT","server":"ESF","cache-control":"private","x-xss-protection":"0","x-frame-options":"SAMEORIGIN","x-content-type-options":"nosniff","alt-svc":"h3-29=\":443\"; ma=2592000,h3-T051=\":443\"; ma=2592000,h3-Q050=\":443\"; ma=2592000,h3-Q046=\":443\"; ma=2592000,h3-Q043=\":443\"; ma=2592000,quic=\":443\"; ma=2592000; v=\"46,43\"","accept-ranges":"none","transfer-encoding":"chunked"}
[info] 
=== Functions Setup
[info] 
[info] A functions directory will be created in your project with a Node.js
[info] package pre-configured. Functions can be deployed with firebase deploy.
[info] 
[debug] [2020-12-14T04:21:47.649Z] > command requires scopes: ["email","openid","https://www.googleapis.com/auth/cloudplatformprojects.readonly","https://www.googleapis.com/auth/firebase","https://www.googleapis.com/auth/cloud-platform"]
[debug] [2020-12-14T04:21:47.649Z] > authorizing via signed-in user
[debug] [2020-12-14T04:21:47.649Z] [iam] checking project firegram-da96f for permissions ["firebase.projects.get"]
[debug] [2020-12-14T04:21:47.650Z] >>> HTTP REQUEST POST https://cloudresourcemanager.googleapis.com/v1/projects/firegram-da96f:testIamPermissions  
 {"permissions":["firebase.projects.get"]}
[debug] [2020-12-14T04:21:47.829Z] <<< HTTP RESPONSE 200 {"content-type":"application/json; charset=UTF-8","vary":"X-Origin, Referer, Origin,Accept-Encoding","date":"Mon, 14 Dec 2020 04:21:47 GMT","server":"ESF","cache-control":"private","x-xss-protection":"0","x-frame-options":"SAMEORIGIN","x-content-type-options":"nosniff","server-timing":"gfet4t7; dur=53","alt-svc":"h3-29=\":443\"; ma=2592000,h3-T051=\":443\"; ma=2592000,h3-Q050=\":443\"; ma=2592000,h3-Q046=\":443\"; ma=2592000,h3-Q043=\":443\"; ma=2592000,quic=\":443\"; ma=2592000; v=\"46,43\"","accept-ranges":"none","transfer-encoding":"chunked"}
[debug] [2020-12-14T04:21:47.830Z] >>> HTTP REQUEST POST https://serviceusage.googleapis.com/v1/projects/firegram-da96f/services/cloudfunctions.googleapis.com:enable  
 
[debug] [2020-12-14T04:21:47.831Z] >>> HTTP REQUEST POST https://serviceusage.googleapis.com/v1/projects/firegram-da96f/services/runtimeconfig.googleapis.com:enable  
 
[debug] [2020-12-14T04:21:48.239Z] <<< HTTP RESPONSE 200 {"content-type":"application/json; charset=UTF-8","vary":"X-Origin, Referer, Origin,Accept-Encoding","date":"Mon, 14 Dec 2020 04:21:48 GMT","server":"ESF","cache-control":"private","x-xss-protection":"0","x-frame-options":"SAMEORIGIN","x-content-type-options":"nosniff","alt-svc":"h3-29=\":443\"; ma=2592000,h3-T051=\":443\"; ma=2592000,h3-Q050=\":443\"; ma=2592000,h3-Q046=\":443\"; ma=2592000,h3-Q043=\":443\"; ma=2592000,quic=\":443\"; ma=2592000; v=\"46,43\"","accept-ranges":"none","transfer-encoding":"chunked"}
[debug] [2020-12-14T04:21:48.474Z] <<< HTTP RESPONSE 200 {"content-type":"application/json; charset=UTF-8","vary":"X-Origin, Referer, Origin,Accept-Encoding","date":"Mon, 14 Dec 2020 04:21:48 GMT","server":"ESF","cache-control":"private","x-xss-protection":"0","x-frame-options":"SAMEORIGIN","x-content-type-options":"nosniff","alt-svc":"h3-29=\":443\"; ma=2592000,h3-T051=\":443\"; ma=2592000,h3-Q050=\":443\"; ma=2592000,h3-Q046=\":443\"; ma=2592000,h3-Q043=\":443\"; ma=2592000,quic=\":443\"; ma=2592000; v=\"46,43\"","accept-ranges":"none","transfer-encoding":"chunked"}
[info] ✔  Wrote functions/package.json 
[info] ✔  Wrote functions/.eslintrc.json 
[info] ✔  Wrote functions/index.js 
[info] ✔  Wrote functions/.gitignore 
[info] 
=== Hosting Setup
[info] 
[info] Your public directory is the folder (relative to your project directory) that
[info] will contain Hosting assets to be uploaded with firebase deploy. If you
[info] have a build process for your assets, use your build's output directory.
[info] 
[debug] [2020-12-14T04:22:45.459Z] >>> [apiv2][query] GET https://www.gstatic.com/firebasejs/releases.json [none]
[debug] [2020-12-14T04:22:45.626Z] <<< [apiv2][status] GET https://www.gstatic.com/firebasejs/releases.json 200
[debug] [2020-12-14T04:22:45.626Z] <<< [apiv2][body] GET https://www.gstatic.com/firebasejs/releases.json {"current":{"version":"8.2.0","browserURL":"https://www.gstatic.com/firebasejs/8.2.0/firebase.js","packageURL":"https://www.gstatic.com/firebasejs/8.2.0/firebase.tgz"},"live":{"version":"8.2","browserURL":"https://www.gstatic.com/firebasejs/live/8.2/firebase.js","packageURL":"https://www.gstatic.com/firebasejs/live/8.2/firebase.tgz"},"components":{"analytics":"https://www.gstatic.com/firebasejs/8.2.0/firebase-analytics.js","app":"https://www.gstatic.com/firebasejs/8.2.0/firebase-app.js","auth":"https://www.gstatic.com/firebasejs/8.2.0/firebase-auth.js","database":"https://www.gstatic.com/firebasejs/8.2.0/firebase-database.js","firestore":"https://www.gstatic.com/firebasejs/8.2.0/firebase-firestore.js","functions":"https://www.gstatic.com/firebasejs/8.2.0/firebase-functions.js","installations":"https://www.gstatic.com/firebasejs/8.2.0/firebase-installations.js","messaging":"https://www.gstatic.com/firebasejs/8.2.0/firebase-messaging.js","storage":"https://www.gstatic.com/firebasejs/8.2.0/firebase-storage.js","performance":"https://www.gstatic.com/firebasejs/8.2.0/firebase-performance.js","remote-config":"https://www.gstatic.com/firebasejs/8.2.0/firebase-remote-config.js","firestore.memory":"https://www.gstatic.com/firebasejs/8.2.0/firebase-firestore.memory.js"}}
[info] ✔  Wrote public/index.html 
[info] 
[info] i  Detected a .git folder at /Users/bb/Desktop/firegram 
[info] i  Authorizing with GitHub to upload your service account to a GitHub repository's secrets store. 
[info] 
[info] Visit this URL on this device to log in:
[info] https://github.com/login/oauth/authorize?client_id=89cf50f02ac6aaed3484&state=971589513&redirect_uri=http%3A%2F%2Flocalhost%3A9005&scope=read%3Auser%20repo%20public_repo
[info] 
[info] Waiting for authentication...
[debug] [2020-12-14T04:23:15.611Z] >>> HTTP REQUEST POST https://github.com/login/oauth/access_token  
 {"client_id":"89cf50f02ac6aaed3484","client_secret":"3330d14abc895d9a74d5f17cd7a00711fa2c5bf0","code":"14a1ebaef7011f4107c1","redirect_uri":"http://localhost:9005","state":"971589513"}
[debug] [2020-12-14T04:23:15.937Z] <<< HTTP RESPONSE 200 {"date":"Mon, 14 Dec 2020 04:23:15 GMT","content-type":"application/json; charset=utf-8","transfer-encoding":"chunked","server":"GitHub.com","status":"200 OK","vary":"X-PJAX, Accept-Encoding, Accept, X-Requested-With, Accept-Encoding","etag":"W/\"a661ca70a6abdf2ba34a379471267fb6\"","cache-control":"max-age=0, private, must-revalidate","strict-transport-security":"max-age=31536000; includeSubdomains; preload","x-frame-options":"deny","x-content-type-options":"nosniff","x-xss-protection":"1; mode=block","referrer-policy":"origin-when-cross-origin, strict-origin-when-cross-origin","expect-ct":"max-age=2592000, report-uri=\"https://api.github.com/_private/browser/errors\"","content-security-policy":"default-src 'none'; base-uri 'self'; block-all-mixed-content; connect-src 'self' uploads.github.com www.githubstatus.com collector.githubapp.com api.github.com github-cloud.s3.amazonaws.com github-production-repository-file-5c1aeb.s3.amazonaws.com github-production-upload-manifest-file-7fdce7.s3.amazonaws.com github-production-user-asset-6210df.s3.amazonaws.com cdn.optimizely.com logx.optimizely.com/v1/events wss://alive.github.com; font-src github.githubassets.com; form-action 'self' github.com gist.github.com; frame-ancestors 'none'; frame-src render.githubusercontent.com; img-src 'self' data: github.githubassets.com identicons.github.com collector.githubapp.com github-cloud.s3.amazonaws.com *.githubusercontent.com; manifest-src 'self'; media-src 'none'; script-src github.githubassets.com; style-src 'unsafe-inline' github.githubassets.com; worker-src github.com/socket-worker-5029ae85.js gist.github.com/socket-worker-5029ae85.js","x-github-request-id":"CC8A:603E:EE0A76:1426591:5FD6E8B3"}
[debug] [2020-12-14T04:23:15.938Z] >>> [apiv2][query] GET https://api.github.com/user [none]
[debug] [2020-12-14T04:23:16.291Z] <<< [apiv2][status] GET https://api.github.com/user 200
[debug] [2020-12-14T04:23:16.292Z] <<< [apiv2][body] GET https://api.github.com/user {"login":"bbowen1036","id":63933342,"node_id":"MDQ6VXNlcjYzOTMzMzQy","avatar_url":"https://avatars2.githubusercontent.com/u/63933342?v=4","gravatar_id":"","url":"https://api.github.com/users/bbowen1036","html_url":"https://github.com/bbowen1036","followers_url":"https://api.github.com/users/bbowen1036/followers","following_url":"https://api.github.com/users/bbowen1036/following{/other_user}","gists_url":"https://api.github.com/users/bbowen1036/gists{/gist_id}","starred_url":"https://api.github.com/users/bbowen1036/starred{/owner}{/repo}","subscriptions_url":"https://api.github.com/users/bbowen1036/subscriptions","organizations_url":"https://api.github.com/users/bbowen1036/orgs","repos_url":"https://api.github.com/users/bbowen1036/repos","events_url":"https://api.github.com/users/bbowen1036/events{/privacy}","received_events_url":"https://api.github.com/users/bbowen1036/received_events","type":"User","site_admin":false,"name":"Brian Bowen","company":null,"blog":"","location":"SF BAY AREA","email":null,"hireable":null,"bio":"Full Stack Software Engineer | JavaScript | React | Redux | Ruby | Ruby on Rails | SQL | MongoDB | Node.js | HTML 5 | CSS","twitter_username":null,"public_repos":11,"public_gists":0,"followers":0,"following":1,"created_at":"2020-04-18T22:25:31Z","updated_at":"2020-12-14T04:23:15Z","private_gists":0,"total_private_repos":4,"owned_private_repos":4,"disk_usage":252931,"collaborators":0,"two_factor_authentication":false,"plan":{"name":"free","space":976562499,"collaborators":0,"private_repos":10000}}
[info] 
[info] ✔  Success! Logged into GitHub as bbowen1036 
[info] 
[debug] [2020-12-14T04:23:31.524Z] >>> [apiv2][query] GET https://api.github.com/repos//actions/secrets/public-key type=owner
[debug] [2020-12-14T04:23:31.810Z] <<< [apiv2][status] GET https://api.github.com/repos//actions/secrets/public-key 404
[debug] [2020-12-14T04:23:31.810Z] <<< [apiv2][body] GET https://api.github.com/repos//actions/secrets/public-key {"message":"Not Found","documentation_url":"https://docs.github.com/rest"}
